[2024-07-01T16:28:27.579] [INFO] default - 
                 Без выкупа из аренды:
                 Пред. договор с пред. клубом: stop_date: 31.07.2024, введено: 31.07.2024
                
[2024-07-01T16:29:01.134] [INFO] default - 
                 Выкуп из аренды (новый ТД):
                 Пред. договор с пред. клубом: stop_date: 31.07.2024, указано: 31.07.2024
                 Пред. договор с пред. клубом: actual_end_date: 31.07.2024, указано: 31.07.2024
                 Пред. договор с нов. клубом: actual_end_date: 01.08.2024, указано: 01.08.2024
                
[2024-07-01T16:29:32.325] [INFO] default - 
                 Выкуп из аренды (изменение ТД):
                 Пред. договор с пред. клубом: stop_date: 30.06.2024, указано: 30.06.2024
                 Пред. договор с пред. клубом: actual_end_date: 30.06.2024, указано: 30.06.2024
                 Пред. договор с нов. клубом: actual_end_date: 05.08.2024, указано: 05.08.2024
                
[2024-07-01T16:30:03.615] [INFO] default - 
                 Взять в аренду и С разрывом:
                 Пред. договор с пред. клубом: stop_date: 31.07.2024, введено: 31.07.2024
                 Пред. договор с пред. клубом: end_date: 31.07.2024, введено: 31.07.2024
                
[2024-07-01T16:30:34.748] [INFO] default - 
                 Взять в аренду и С приостановлением:
                 Пред. договор с пред. клубом: stop_date: 31.07.2024, введено: 31.07.2024
                 Пред. договор с пред. клубом: restart_date: 01.09.2024, введено: 01.09.2024
                
[2024-07-01T16:31:06.310] [INFO] default - 
                 Взять в аренду и С приостановлением:
                 Пред. договор с пред. клубом: stop_date: 31.07.2024, введено: 31.07.2024
                 Пред. договор с пред. клубом: restart_date: 01.09.2024, введено: 01.09.2024
                 Пред. договор с нов. клубом: actual_end_date: 01.08.2024, введено: 01.08.2024
                
[2024-07-01T16:31:48.469] [INFO] default - 
                 Взять в аренду и С приостановлением:
                 Пред. договор с пред. клубом: stop_date: 30.05.2024, введено: 30.05.2024
                 Пред. договор с пред. клубом: restart_date: 31.08.2024, введено: 31.08.2024
                 Пред. договор с нов. клубом: actual_end_date: 01.08.2024, введено: 01.08.2024
                
